<?xml version="1.0" encoding="UTF-8"?>
<!-- Generated by org.testng.reporters.JUnitReportReporter -->
<testsuite hostname="LAPTOP-ENKKSIDV" failures="0" tests="1" name="testrunner.PasswordRecoveryTest" time="5.700" errors="0" timestamp="2025-03-21T11:09:47 IST" skipped="0">
  <testcase classname="testrunner.PasswordRecoveryTest" name="runScenario" time="5.700"/>
  <system-out/>
</testsuite> <!-- testrunner.PasswordRecoveryTest -->
