<?xml version="1.0" encoding="UTF-8"?>
<!-- Generated by org.testng.reporters.JUnitReportReporter -->
<testsuite hostname="LAPTOP-ENKKSIDV" failures="0" tests="2" name="test.SearchTest" time="7.655" errors="0" timestamp="2025-03-17T21:02:49 IST" skipped="0">
  <testcase classname="test.SearchTest" name="runScenario" time="7.653"/>
  <system-out/>
  <testcase classname="test.SearchTest" name="sampleTest" time="0.002"/>
  <system-out/>
</testsuite> <!-- test.SearchTest -->
