<?xml version="1.0" encoding="UTF-8"?>
<!-- Generated by org.testng.reporters.JUnitReportReporter -->
<testsuite hostname="LAPTOP-ENKKSIDV" failures="0" tests="1" name="testrunner.LoginTest" time="5.936" errors="0" timestamp="2025-03-21T11:09:47 IST" skipped="0">
  <testcase classname="testrunner.LoginTest" name="runScenario" time="5.936"/>
  <system-out/>
</testsuite> <!-- testrunner.LoginTest -->
