<?xml version="1.0" encoding="UTF-8"?>
<!-- Generated by org.testng.reporters.JUnitReportReporter -->
<testsuite hostname="LAPTOP-ENKKSIDV" failures="0" tests="4" name="testrunner.SearchFunctionalityTest" time="19.831" errors="0" timestamp="2025-03-21T11:09:47 IST" skipped="0">
  <testcase classname="testrunner.SearchFunctionalityTest" name="runScenario" time="5.085"/>
  <system-out/>
  <testcase classname="testrunner.SearchFunctionalityTest" name="runScenario" time="4.730"/>
  <system-out/>
  <testcase classname="testrunner.SearchFunctionalityTest" name="runScenario" time="5.259"/>
  <system-out/>
  <testcase classname="testrunner.SearchFunctionalityTest" name="runScenario" time="4.757"/>
  <system-out/>
</testsuite> <!-- testrunner.SearchFunctionalityTest -->
