<?xml version="1.0" encoding="UTF-8"?>
<!-- Generated by org.testng.reporters.JUnitReportReporter -->
<testsuite hostname="LAPTOP-ENKKSIDV" failures="0" tests="3" name="testrunner.ProductTest" time="16.265" errors="0" timestamp="2025-03-21T11:11:19 IST" skipped="0">
  <testcase classname="testrunner.ProductTest" name="runScenario" time="5.144"/>
  <system-out/>
  <testcase classname="testrunner.ProductTest" name="runScenario" time="5.082"/>
  <system-out/>
  <testcase classname="testrunner.ProductTest" name="runScenario" time="6.039"/>
  <system-out/>
</testsuite> <!-- testrunner.ProductTest -->
