<?xml version="1.0" encoding="UTF-8"?>
<!-- Generated by org.testng.reporters.JUnitReportReporter -->
<testsuite hostname="LAPTOP-ENKKSIDV" failures="0" tests="4" name="testrunner.SearchTest" time="29.915" errors="0" timestamp="2025-03-21T11:09:47 IST" skipped="0">
  <testcase classname="testrunner.SearchTest" name="runScenario" time="6.219"/>
  <system-out/>
  <testcase classname="testrunner.SearchTest" name="runScenario" time="6.726"/>
  <system-out/>
  <testcase classname="testrunner.SearchTest" name="runScenario" time="6.821"/>
  <system-out/>
  <testcase classname="testrunner.SearchTest" name="runScenario" time="10.149"/>
  <system-out/>
</testsuite> <!-- testrunner.SearchTest -->
