<?xml version="1.0" encoding="UTF-8"?>
<!-- Generated by org.testng.reporters.JUnitReportReporter -->
<testsuite hostname="LAPTOP-ENKKSIDV" failures="0" tests="1" name="testrunner.OrderTest" time="14.635" errors="0" timestamp="2025-03-21T11:09:47 IST" skipped="0">
  <testcase classname="testrunner.OrderTest" name="runScenario" time="14.635"/>
  <system-out/>
</testsuite> <!-- testrunner.OrderTest -->
